Testsuite: sdp.group2.world.BallTest
Tests run: 2, Failures: 2, Errors: 0, Time elapsed: 0.017 sec

Testcase: testGetRadius took 0.005 sec
	FAILED
expected:<25> but was:<25.0>
junit.framework.AssertionFailedError: expected:<25> but was:<25.0>
	at sdp.group2.world.BallTest.testGetRadius(BallTest.java:16)

Testcase: testBallPosition took 0 sec
	FAILED
expected:<(1.0, 1.0)> but was:<(0.0, 0.0)>
junit.framework.AssertionFailedError: expected:<(1.0, 1.0)> but was:<(0.0, 0.0)>
	at sdp.group2.world.BallTest.testBallPosition(BallTest.java:20)

