<?xml version="1.0" encoding="UTF-8" ?>
<testsuite errors="1" failures="0" hostname="cumbrae.inf.ed.ac.uk" name="sdp.group2.geometry.VectorTest" tests="1" time="0.103" timestamp="2014-03-29T18:37:13">
  <properties>
[...]
</properties>
  <testcase classname="sdp.group2.geometry.VectorTest" name="testAngleDegrees" time="0.007">
    <error message="javax/vecmath/Vector2d" type="java.lang.NoClassDefFoundError">java.lang.NoClassDefFoundError: javax/vecmath/Vector2d
	at java.lang.ClassLoader.defineClass1(Native Method)
	at java.lang.ClassLoader.defineClass(ClassLoader.java:800)
	at java.security.SecureClassLoader.defineClass(SecureClassLoader.java:142)
	at java.net.URLClassLoader.defineClass(URLClassLoader.java:449)
	at java.net.URLClassLoader.access$100(URLClassLoader.java:71)
	at java.net.URLClassLoader$1.run(URLClassLoader.java:361)
	at java.net.URLClassLoader$1.run(URLClassLoader.java:355)
	at java.security.AccessController.doPrivileged(Native Method)
	at java.net.URLClassLoader.findClass(URLClassLoader.java:354)
	at java.lang.ClassLoader.loadClass(ClassLoader.java:425)
	at sun.misc.Launcher$AppClassLoader.loadClass(Launcher.java:308)
	at java.lang.ClassLoader.loadClass(ClassLoader.java:358)
	at sdp.group2.geometry.VectorTest.testAngleDegrees(VectorTest.java:9)
Caused by: java.lang.ClassNotFoundException: javax.vecmath.Vector2d
	at java.net.URLClassLoader$1.run(URLClassLoader.java:366)
	at java.net.URLClassLoader$1.run(URLClassLoader.java:355)
	at java.security.AccessController.doPrivileged(Native Method)
	at java.net.URLClassLoader.findClass(URLClassLoader.java:354)
	at java.lang.ClassLoader.loadClass(ClassLoader.java:425)
	at sun.misc.Launcher$AppClassLoader.loadClass(Launcher.java:308)
	at java.lang.ClassLoader.loadClass(ClassLoader.java:358)
</error>
  </testcase>
  <system-out><![CDATA[]]></system-out>
  <system-err><![CDATA[]]></system-err>
</testsuite>
