Testsuite: sdp.group2.world.MovableObjectTest
Tests run: 5, Failures: 2, Errors: 2, Time elapsed: 5.022 sec

Testcase: testGetPosition took 1.003 sec
Testcase: testUpdatePosition took 1.002 sec
	FAILED
expected:<(0.0, 0.0)> but was:<(3.0, 1.0)>
junit.framework.AssertionFailedError: expected:<(0.0, 0.0)> but was:<(3.0, 1.0)>
	at sdp.group2.world.MovableObjectTest.testUpdatePosition(MovableObjectTest.java:36)

Testcase: testGetSpeed took 1 sec
	FAILED
null
junit.framework.AssertionFailedError
	at sdp.group2.world.MovableObjectTest.testGetSpeed(MovableObjectTest.java:42)

Testcase: testVectorTo took 1.001 sec
	Caused an ERROR
javax/vecmath/Vector2d
java.lang.NoClassDefFoundError: javax/vecmath/Vector2d
	at java.lang.ClassLoader.defineClass1(Native Method)
	at java.lang.ClassLoader.defineClass(ClassLoader.java:800)
	at java.security.SecureClassLoader.defineClass(SecureClassLoader.java:142)
	at java.net.URLClassLoader.defineClass(URLClassLoader.java:449)
	at java.net.URLClassLoader.access$100(URLClassLoader.java:71)
	at java.net.URLClassLoader$1.run(URLClassLoader.java:361)
	at java.net.URLClassLoader$1.run(URLClassLoader.java:355)
	at java.security.AccessController.doPrivileged(Native Method)
	at java.net.URLClassLoader.findClass(URLClassLoader.java:354)
	at java.lang.ClassLoader.loadClass(ClassLoader.java:425)
	at sun.misc.Launcher$AppClassLoader.loadClass(Launcher.java:308)
	at java.lang.ClassLoader.loadClass(ClassLoader.java:358)
	at sdp.group2.geometry.Point.sub(Point.java:71)
	at sdp.group2.world.MovableObject.vectorTo(MovableObject.java:43)
	at sdp.group2.world.MovableObjectTest.testVectorTo(MovableObjectTest.java:46)
Caused by: java.lang.ClassNotFoundException: javax.vecmath.Vector2d
	at java.net.URLClassLoader$1.run(URLClassLoader.java:366)
	at java.net.URLClassLoader$1.run(URLClassLoader.java:355)
	at java.security.AccessController.doPrivileged(Native Method)
	at java.net.URLClassLoader.findClass(URLClassLoader.java:354)
	at java.lang.ClassLoader.loadClass(ClassLoader.java:425)
	at sun.misc.Launcher$AppClassLoader.loadClass(Launcher.java:308)
	at java.lang.ClassLoader.loadClass(ClassLoader.java:358)

Testcase: testIsMoving took 1.001 sec
	Caused an ERROR
Expected index i to bewithin bounds [0, 3), but was 3.
java.lang.ArrayIndexOutOfBoundsException: Expected index i to bewithin bounds [0, 3), but was 3.
	at sdp.group2.geometry.PointSet.get(PointSet.java:192)
	at sdp.group2.geometry.PointSet.isWithinTimestamp(PointSet.java:409)
	at sdp.group2.world.MovableObject.isMoving(MovableObject.java:81)
	at sdp.group2.world.MovableObjectTest.testIsMoving(MovableObjectTest.java:52)

