<?xml version="1.0" encoding="UTF-8" ?>
<testsuite errors="0" failures="1" hostname="glenorchy.inf.ed.ac.uk" name="sdp.group2.geometry.TestVector" tests="1" time="0.059" timestamp="2014-03-05T04:54:49">
  <properties>
[...]
</properties>
  <testcase classname="junit.framework.TestSuite$1" name="warning" time="0.008">
    <failure message="No tests found in sdp.group2.geometry.TestVector" type="junit.framework.AssertionFailedError">junit.framework.AssertionFailedError: No tests found in sdp.group2.geometry.TestVector
</failure>
  </testcase>
  <system-out><![CDATA[]]></system-out>
  <system-err><![CDATA[]]></system-err>
</testsuite>
